[2026-03-21T21:08:27.058546+00:00] Starting ManuscriptPrep ingest
[2026-03-21T21:08:27.058888+00:00] Copied source PDF to workspace: work/source/TREASURE-ISLAND-by-Robert-Louis-Stevenson.pdf
[2026-03-21T21:08:27.340772+00:00] PDF classification: pdf_type=text, needs_ocr=False, native_sample_chars=375645, page_count=142
[2026-03-21T21:08:27.629561+00:00] Wrote raw text to work/extracted/raw.txt
[2026-03-21T21:08:27.717805+00:00] Cleaned text: removed_page_markers=0, removed_repeated_headers=34, clean_word_count=70113
[2026-03-21T21:08:27.718817+00:00] Wrote cleaned text to work/cleaned/clean.txt
[2026-03-21T21:08:27.720941+00:00] Wrote chunk_000 -> work/chunks/treasure_island/chunk_000.txt (2126 words)
[2026-03-21T21:08:27.722198+00:00] Wrote chunk_001 -> work/chunks/treasure_island/chunk_001.txt (2106 words)
[2026-03-21T21:08:27.723359+00:00] Wrote chunk_002 -> work/chunks/treasure_island/chunk_002.txt (2137 words)
[2026-03-21T21:08:27.724524+00:00] Wrote chunk_003 -> work/chunks/treasure_island/chunk_003.txt (2128 words)
[2026-03-21T21:08:27.725643+00:00] Wrote chunk_004 -> work/chunks/treasure_island/chunk_004.txt (1985 words)
[2026-03-21T21:08:27.726601+00:00] Wrote chunk_005 -> work/chunks/treasure_island/chunk_005.txt (1863 words)
[2026-03-21T21:08:27.727834+00:00] Wrote chunk_006 -> work/chunks/treasure_island/chunk_006.txt (1937 words)
[2026-03-21T21:08:27.728968+00:00] Wrote chunk_007 -> work/chunks/treasure_island/chunk_007.txt (1916 words)
[2026-03-21T21:08:27.730007+00:00] Wrote chunk_008 -> work/chunks/treasure_island/chunk_008.txt (1780 words)
[2026-03-21T21:08:27.731117+00:00] Wrote chunk_009 -> work/chunks/treasure_island/chunk_009.txt (1999 words)
[2026-03-21T21:08:27.732274+00:00] Wrote chunk_010 -> work/chunks/treasure_island/chunk_010.txt (2094 words)
[2026-03-21T21:08:27.733377+00:00] Wrote chunk_011 -> work/chunks/treasure_island/chunk_011.txt (1978 words)
[2026-03-21T21:08:27.734478+00:00] Wrote chunk_012 -> work/chunks/treasure_island/chunk_012.txt (1884 words)
[2026-03-21T21:08:27.735571+00:00] Wrote chunk_013 -> work/chunks/treasure_island/chunk_013.txt (2020 words)
[2026-03-21T21:08:27.736539+00:00] Wrote chunk_014 -> work/chunks/treasure_island/chunk_014.txt (2016 words)
[2026-03-21T21:08:27.737626+00:00] Wrote chunk_015 -> work/chunks/treasure_island/chunk_015.txt (1991 words)
[2026-03-21T21:08:27.738726+00:00] Wrote chunk_016 -> work/chunks/treasure_island/chunk_016.txt (2074 words)
[2026-03-21T21:08:27.739602+00:00] Wrote chunk_017 -> work/chunks/treasure_island/chunk_017.txt (1520 words)
[2026-03-21T21:08:27.740762+00:00] Wrote chunk_018 -> work/chunks/treasure_island/chunk_018.txt (2068 words)
[2026-03-21T21:08:27.741854+00:00] Wrote chunk_019 -> work/chunks/treasure_island/chunk_019.txt (1936 words)
[2026-03-21T21:08:27.742873+00:00] Wrote chunk_020 -> work/chunks/treasure_island/chunk_020.txt (1993 words)
[2026-03-21T21:08:27.743913+00:00] Wrote chunk_021 -> work/chunks/treasure_island/chunk_021.txt (2052 words)
[2026-03-21T21:08:27.744795+00:00] Wrote chunk_022 -> work/chunks/treasure_island/chunk_022.txt (1773 words)
[2026-03-21T21:08:27.745822+00:00] Wrote chunk_023 -> work/chunks/treasure_island/chunk_023.txt (2025 words)
[2026-03-21T21:08:27.746713+00:00] Wrote chunk_024 -> work/chunks/treasure_island/chunk_024.txt (1751 words)
[2026-03-21T21:08:27.747853+00:00] Wrote chunk_025 -> work/chunks/treasure_island/chunk_025.txt (2129 words)
[2026-03-21T21:08:27.748899+00:00] Wrote chunk_026 -> work/chunks/treasure_island/chunk_026.txt (2141 words)
[2026-03-21T21:08:27.749810+00:00] Wrote chunk_027 -> work/chunks/treasure_island/chunk_027.txt (1943 words)
[2026-03-21T21:08:27.750740+00:00] Wrote chunk_028 -> work/chunks/treasure_island/chunk_028.txt (1816 words)
[2026-03-21T21:08:27.751839+00:00] Wrote chunk_029 -> work/chunks/treasure_island/chunk_029.txt (2191 words)
[2026-03-21T21:08:27.752799+00:00] Wrote chunk_030 -> work/chunks/treasure_island/chunk_030.txt (1852 words)
[2026-03-21T21:08:27.753876+00:00] Wrote chunk_031 -> work/chunks/treasure_island/chunk_031.txt (2110 words)
[2026-03-21T21:08:27.754840+00:00] Wrote chunk_032 -> work/chunks/treasure_island/chunk_032.txt (1841 words)
[2026-03-21T21:08:27.755876+00:00] Wrote chunk_033 -> work/chunks/treasure_island/chunk_033.txt (1883 words)
[2026-03-21T21:08:27.757002+00:00] Wrote chunk_034 -> work/chunks/treasure_island/chunk_034.txt (2015 words)
[2026-03-21T21:08:27.757497+00:00] Wrote chunk_035 -> work/chunks/treasure_island/chunk_035.txt (1040 words)
[2026-03-21T21:08:27.758241+00:00] Wrote chunk manifest to work/manifests/chunk_manifest.json
[2026-03-21T21:08:27.758285+00:00] Wrote ingest manifest to work/manifests/ingest_manifest.json
[2026-03-21T21:08:27.758314+00:00] Ingest complete
[2026-03-21T21:15:39.836069+00:00] Starting ManuscriptPrep ingest for title='Treasure Island' slug='treasure_island'
[2026-03-21T21:15:39.836718+00:00] Copied source PDF to workspace: work/source/TREASURE-ISLAND-by-Robert-Louis-Stevenson.pdf
[2026-03-21T21:15:40.148519+00:00] PDF classification: pdf_type=text, needs_ocr=False, native_sample_chars=375645, page_count=142
[2026-03-21T21:15:40.413170+00:00] Wrote raw text to work/extracted/treasure_island/raw.txt
[2026-03-21T21:15:40.491398+00:00] Cleaned text: removed_page_markers=0, removed_repeated_headers=34, clean_word_count=70113
[2026-03-21T21:15:40.492416+00:00] Wrote cleaned text to work/cleaned/treasure_island/clean.txt
[2026-03-21T21:15:40.493991+00:00] Wrote chunk_000 -> work/chunks/treasure_island/chunk_000.txt (934 words)
[2026-03-21T21:15:40.494678+00:00] Wrote chunk_001 -> work/chunks/treasure_island/chunk_001.txt (1192 words)
[2026-03-21T21:15:40.495370+00:00] Wrote chunk_002 -> work/chunks/treasure_island/chunk_002.txt (1065 words)
[2026-03-21T21:15:40.496024+00:00] Wrote chunk_003 -> work/chunks/treasure_island/chunk_003.txt (1041 words)
[2026-03-21T21:15:40.496707+00:00] Wrote chunk_004 -> work/chunks/treasure_island/chunk_004.txt (1019 words)
[2026-03-21T21:15:40.497378+00:00] Wrote chunk_005 -> work/chunks/treasure_island/chunk_005.txt (1118 words)
[2026-03-21T21:15:40.498070+00:00] Wrote chunk_006 -> work/chunks/treasure_island/chunk_006.txt (1069 words)
[2026-03-21T21:15:40.498743+00:00] Wrote chunk_007 -> work/chunks/treasure_island/chunk_007.txt (1059 words)
[2026-03-21T21:15:40.499216+00:00] Wrote chunk_008 -> work/chunks/treasure_island/chunk_008.txt (822 words)
[2026-03-21T21:15:40.500057+00:00] Wrote chunk_009 -> work/chunks/treasure_island/chunk_009.txt (1163 words)
[2026-03-21T21:15:40.500875+00:00] Wrote chunk_010 -> work/chunks/treasure_island/chunk_010.txt (1424 words)
[2026-03-21T21:15:40.501598+00:00] Wrote chunk_011 -> work/chunks/treasure_island/chunk_011.txt (1319 words)
[2026-03-21T21:15:40.502348+00:00] Wrote chunk_012 -> work/chunks/treasure_island/chunk_012.txt (1057 words)
[2026-03-21T21:15:40.502778+00:00] Wrote chunk_013 -> work/chunks/treasure_island/chunk_013.txt (844 words)
[2026-03-21T21:15:40.503505+00:00] Wrote chunk_014 -> work/chunks/treasure_island/chunk_014.txt (1072 words)
[2026-03-21T21:15:40.504186+00:00] Wrote chunk_015 -> work/chunks/treasure_island/chunk_015.txt (1326 words)
[2026-03-21T21:15:40.504945+00:00] Wrote chunk_016 -> work/chunks/treasure_island/chunk_016.txt (1190 words)
[2026-03-21T21:15:40.505813+00:00] Wrote chunk_017 -> work/chunks/treasure_island/chunk_017.txt (1263 words)
[2026-03-21T21:15:40.506501+00:00] Wrote chunk_018 -> work/chunks/treasure_island/chunk_018.txt (1082 words)
[2026-03-21T21:15:40.507291+00:00] Wrote chunk_019 -> work/chunks/treasure_island/chunk_019.txt (1483 words)
[2026-03-21T21:15:40.508043+00:00] Wrote chunk_020 -> work/chunks/treasure_island/chunk_020.txt (998 words)
[2026-03-21T21:15:40.508676+00:00] Wrote chunk_021 -> work/chunks/treasure_island/chunk_021.txt (1183 words)
[2026-03-21T21:15:40.509536+00:00] Wrote chunk_022 -> work/chunks/treasure_island/chunk_022.txt (1210 words)
[2026-03-21T21:15:40.510149+00:00] Wrote chunk_023 -> work/chunks/treasure_island/chunk_023.txt (1022 words)
[2026-03-21T21:15:40.510745+00:00] Wrote chunk_024 -> work/chunks/treasure_island/chunk_024.txt (998 words)
[2026-03-21T21:15:40.511289+00:00] Wrote chunk_025 -> work/chunks/treasure_island/chunk_025.txt (1027 words)
[2026-03-21T21:15:40.511910+00:00] Wrote chunk_026 -> work/chunks/treasure_island/chunk_026.txt (989 words)
[2026-03-21T21:15:40.512382+00:00] Wrote chunk_027 -> work/chunks/treasure_island/chunk_027.txt (859 words)
[2026-03-21T21:15:40.513113+00:00] Wrote chunk_028 -> work/chunks/treasure_island/chunk_028.txt (1132 words)
[2026-03-21T21:15:40.513795+00:00] Wrote chunk_029 -> work/chunks/treasure_island/chunk_029.txt (1429 words)
[2026-03-21T21:15:40.514645+00:00] Wrote chunk_030 -> work/chunks/treasure_island/chunk_030.txt (1425 words)
[2026-03-21T21:15:40.515410+00:00] Wrote chunk_031 -> work/chunks/treasure_island/chunk_031.txt (1377 words)
[2026-03-21T21:15:40.516209+00:00] Wrote chunk_032 -> work/chunks/treasure_island/chunk_032.txt (1431 words)
[2026-03-21T21:15:40.516941+00:00] Wrote chunk_033 -> work/chunks/treasure_island/chunk_033.txt (1099 words)
[2026-03-21T21:15:40.517375+00:00] Wrote chunk_034 -> work/chunks/treasure_island/chunk_034.txt (837 words)
[2026-03-21T21:15:40.518086+00:00] Wrote chunk_035 -> work/chunks/treasure_island/chunk_035.txt (1052 words)
[2026-03-21T21:15:40.518613+00:00] Wrote chunk_036 -> work/chunks/treasure_island/chunk_036.txt (1016 words)
[2026-03-21T21:15:40.519393+00:00] Wrote chunk_037 -> work/chunks/treasure_island/chunk_037.txt (1447 words)
[2026-03-21T21:15:40.520123+00:00] Wrote chunk_038 -> work/chunks/treasure_island/chunk_038.txt (1049 words)
[2026-03-21T21:15:40.520730+00:00] Wrote chunk_039 -> work/chunks/treasure_island/chunk_039.txt (1254 words)
[2026-03-21T21:15:40.521405+00:00] Wrote chunk_040 -> work/chunks/treasure_island/chunk_040.txt (1256 words)
[2026-03-21T21:15:40.522289+00:00] Wrote chunk_041 -> work/chunks/treasure_island/chunk_041.txt (1477 words)
[2026-03-21T21:15:40.522845+00:00] Wrote chunk_042 -> work/chunks/treasure_island/chunk_042.txt (1043 words)
[2026-03-21T21:15:40.523565+00:00] Wrote chunk_043 -> work/chunks/treasure_island/chunk_043.txt (1044 words)
[2026-03-21T21:15:40.524197+00:00] Wrote chunk_044 -> work/chunks/treasure_island/chunk_044.txt (1085 words)
[2026-03-21T21:15:40.524633+00:00] Wrote chunk_045 -> work/chunks/treasure_island/chunk_045.txt (883 words)
[2026-03-21T21:15:40.525449+00:00] Wrote chunk_046 -> work/chunks/treasure_island/chunk_046.txt (1258 words)
[2026-03-21T21:15:40.525979+00:00] Wrote chunk_047 -> work/chunks/treasure_island/chunk_047.txt (952 words)
[2026-03-21T21:15:40.526694+00:00] Wrote chunk_048 -> work/chunks/treasure_island/chunk_048.txt (991 words)
[2026-03-21T21:15:40.527320+00:00] Wrote chunk_049 -> work/chunks/treasure_island/chunk_049.txt (1086 words)
[2026-03-21T21:15:40.527986+00:00] Wrote chunk_050 -> work/chunks/treasure_island/chunk_050.txt (1359 words)
[2026-03-21T21:15:40.528709+00:00] Wrote chunk_051 -> work/chunks/treasure_island/chunk_051.txt (1065 words)
[2026-03-21T21:15:40.529406+00:00] Wrote chunk_052 -> work/chunks/treasure_island/chunk_052.txt (1358 words)
[2026-03-21T21:15:40.530120+00:00] Wrote chunk_053 -> work/chunks/treasure_island/chunk_053.txt (991 words)
[2026-03-21T21:15:40.530853+00:00] Wrote chunk_054 -> work/chunks/treasure_island/chunk_054.txt (1119 words)
[2026-03-21T21:15:40.531614+00:00] Wrote chunk_055 -> work/chunks/treasure_island/chunk_055.txt (1481 words)
[2026-03-21T21:15:40.532366+00:00] Wrote chunk_056 -> work/chunks/treasure_island/chunk_056.txt (1351 words)
[2026-03-21T21:15:40.532997+00:00] Wrote chunk_057 -> work/chunks/treasure_island/chunk_057.txt (939 words)
[2026-03-21T21:15:40.533768+00:00] Wrote chunk_058 -> work/chunks/treasure_island/chunk_058.txt (1436 words)
[2026-03-21T21:15:40.534457+00:00] Wrote chunk_059 -> work/chunks/treasure_island/chunk_059.txt (1002 words)
[2026-03-21T21:15:40.535046+00:00] Wrote chunk_060 -> work/chunks/treasure_island/chunk_060.txt (1058 words)
[2026-03-21T21:15:40.535296+00:00] Wrote chunk_061 -> work/chunks/treasure_island/chunk_061.txt (503 words)
[2026-03-21T21:15:40.536236+00:00] Wrote chunk manifest to work/manifests/treasure_island/chunk_manifest.json
[2026-03-21T21:15:40.536285+00:00] Wrote ingest manifest to work/manifests/treasure_island/ingest_manifest.json
[2026-03-21T21:15:40.536319+00:00] Ingest complete
[2026-03-26T17:28:26.462976+00:00] Starting ManuscriptPrep ingest for title='treasure-island' slug='treasure_island'
[2026-03-26T17:28:26.464280+00:00] Copied source PDF to workspace: work/source/TREASURE-ISLAND-by-Robert-Louis-Stevenson.pdf
[2026-03-26T17:28:26.781010+00:00] PDF classification: pdf_type=text, needs_ocr=False, native_sample_chars=375645, page_count=142
[2026-03-26T17:28:27.075916+00:00] Wrote raw text to work/extracted/treasure_island/raw.txt
[2026-03-26T17:28:27.160004+00:00] Cleaned text: removed_page_markers=0, removed_repeated_headers=34, clean_word_count=70113
[2026-03-26T17:28:27.163510+00:00] Wrote cleaned text to work/cleaned/treasure_island/clean.txt
[2026-03-26T17:28:27.165264+00:00] Wrote chunk_000 -> work/chunks/treasure_island/chunk_000.txt (934 words)
[2026-03-26T17:28:27.165993+00:00] Wrote chunk_001 -> work/chunks/treasure_island/chunk_001.txt (1192 words)
[2026-03-26T17:28:27.166696+00:00] Wrote chunk_002 -> work/chunks/treasure_island/chunk_002.txt (1065 words)
[2026-03-26T17:28:27.167364+00:00] Wrote chunk_003 -> work/chunks/treasure_island/chunk_003.txt (1041 words)
[2026-03-26T17:28:27.168151+00:00] Wrote chunk_004 -> work/chunks/treasure_island/chunk_004.txt (1019 words)
[2026-03-26T17:28:27.168867+00:00] Wrote chunk_005 -> work/chunks/treasure_island/chunk_005.txt (1118 words)
[2026-03-26T17:28:27.169558+00:00] Wrote chunk_006 -> work/chunks/treasure_island/chunk_006.txt (1069 words)
[2026-03-26T17:28:27.170246+00:00] Wrote chunk_007 -> work/chunks/treasure_island/chunk_007.txt (1059 words)
[2026-03-26T17:28:27.170721+00:00] Wrote chunk_008 -> work/chunks/treasure_island/chunk_008.txt (822 words)
[2026-03-26T17:28:27.171656+00:00] Wrote chunk_009 -> work/chunks/treasure_island/chunk_009.txt (1163 words)
[2026-03-26T17:28:27.172295+00:00] Wrote chunk_010 -> work/chunks/treasure_island/chunk_010.txt (988 words)
[2026-03-26T17:28:27.173152+00:00] Wrote chunk_011 -> work/chunks/treasure_island/chunk_011.txt (1382 words)
[2026-03-26T17:28:27.173777+00:00] Wrote chunk_012 -> work/chunks/treasure_island/chunk_012.txt (896 words)
[2026-03-26T17:28:27.174450+00:00] Wrote chunk_013 -> work/chunks/treasure_island/chunk_013.txt (1378 words)
[2026-03-26T17:28:27.175223+00:00] Wrote chunk_014 -> work/chunks/treasure_island/chunk_014.txt (1072 words)
[2026-03-26T17:28:27.175973+00:00] Wrote chunk_015 -> work/chunks/treasure_island/chunk_015.txt (1326 words)
[2026-03-26T17:28:27.176755+00:00] Wrote chunk_016 -> work/chunks/treasure_island/chunk_016.txt (1190 words)
[2026-03-26T17:28:27.177655+00:00] Wrote chunk_017 -> work/chunks/treasure_island/chunk_017.txt (1263 words)
[2026-03-26T17:28:27.178359+00:00] Wrote chunk_018 -> work/chunks/treasure_island/chunk_018.txt (1082 words)
[2026-03-26T17:28:27.179008+00:00] Wrote chunk_019 -> work/chunks/treasure_island/chunk_019.txt (1012 words)
[2026-03-26T17:28:27.179646+00:00] Wrote chunk_020 -> work/chunks/treasure_island/chunk_020.txt (952 words)
[2026-03-26T17:28:27.180362+00:00] Wrote chunk_021 -> work/chunks/treasure_island/chunk_021.txt (1026 words)
[2026-03-26T17:28:27.181255+00:00] Wrote chunk_022 -> work/chunks/treasure_island/chunk_022.txt (1392 words)
[2026-03-26T17:28:27.181871+00:00] Wrote chunk_023 -> work/chunks/treasure_island/chunk_023.txt (1124 words)
[2026-03-26T17:28:27.182735+00:00] Wrote chunk_024 -> work/chunks/treasure_island/chunk_024.txt (1388 words)
[2026-03-26T17:28:27.183297+00:00] Wrote chunk_025 -> work/chunks/treasure_island/chunk_025.txt (1027 words)
[2026-03-26T17:28:27.183919+00:00] Wrote chunk_026 -> work/chunks/treasure_island/chunk_026.txt (989 words)
[2026-03-26T17:28:27.184470+00:00] Wrote chunk_027 -> work/chunks/treasure_island/chunk_027.txt (859 words)
[2026-03-26T17:28:27.185289+00:00] Wrote chunk_028 -> work/chunks/treasure_island/chunk_028.txt (1132 words)
[2026-03-26T17:28:27.185926+00:00] Wrote chunk_029 -> work/chunks/treasure_island/chunk_029.txt (984 words)
[2026-03-26T17:28:27.186487+00:00] Wrote chunk_030 -> work/chunks/treasure_island/chunk_030.txt (1090 words)
[2026-03-26T17:28:27.187237+00:00] Wrote chunk_031 -> work/chunks/treasure_island/chunk_031.txt (1230 words)
[2026-03-26T17:28:27.187932+00:00] Wrote chunk_032 -> work/chunks/treasure_island/chunk_032.txt (927 words)
[2026-03-26T17:28:27.188617+00:00] Wrote chunk_033 -> work/chunks/treasure_island/chunk_033.txt (1020 words)
[2026-03-26T17:28:27.189299+00:00] Wrote chunk_034 -> work/chunks/treasure_island/chunk_034.txt (985 words)
[2026-03-26T17:28:27.190048+00:00] Wrote chunk_035 -> work/chunks/treasure_island/chunk_035.txt (1362 words)
[2026-03-26T17:28:27.190799+00:00] Wrote chunk_036 -> work/chunks/treasure_island/chunk_036.txt (1052 words)
[2026-03-26T17:28:27.191394+00:00] Wrote chunk_037 -> work/chunks/treasure_island/chunk_037.txt (1016 words)
[2026-03-26T17:28:27.192095+00:00] Wrote chunk_038 -> work/chunks/treasure_island/chunk_038.txt (922 words)
[2026-03-26T17:28:27.192761+00:00] Wrote chunk_039 -> work/chunks/treasure_island/chunk_039.txt (1216 words)
[2026-03-26T17:28:27.193577+00:00] Wrote chunk_040 -> work/chunks/treasure_island/chunk_040.txt (1345 words)
[2026-03-26T17:28:27.194330+00:00] Wrote chunk_041 -> work/chunks/treasure_island/chunk_041.txt (990 words)
[2026-03-26T17:28:27.195028+00:00] Wrote chunk_042 -> work/chunks/treasure_island/chunk_042.txt (1302 words)
[2026-03-26T17:28:27.195860+00:00] Wrote chunk_043 -> work/chunks/treasure_island/chunk_043.txt (1186 words)
[2026-03-26T17:28:27.196561+00:00] Wrote chunk_044 -> work/chunks/treasure_island/chunk_044.txt (1088 words)
[2026-03-26T17:28:27.197247+00:00] Wrote chunk_045 -> work/chunks/treasure_island/chunk_045.txt (1043 words)
[2026-03-26T17:28:27.197883+00:00] Wrote chunk_046 -> work/chunks/treasure_island/chunk_046.txt (1118 words)
[2026-03-26T17:28:27.198598+00:00] Wrote chunk_047 -> work/chunks/treasure_island/chunk_047.txt (1065 words)
[2026-03-26T17:28:27.199267+00:00] Wrote chunk_048 -> work/chunks/treasure_island/chunk_048.txt (1053 words)
[2026-03-26T17:28:27.199934+00:00] Wrote chunk_049 -> work/chunks/treasure_island/chunk_049.txt (934 words)
[2026-03-26T17:28:27.200632+00:00] Wrote chunk_050 -> work/chunks/treasure_island/chunk_050.txt (1023 words)
[2026-03-26T17:28:27.201337+00:00] Wrote chunk_051 -> work/chunks/treasure_island/chunk_051.txt (1270 words)
[2026-03-26T17:28:27.202228+00:00] Wrote chunk_052 -> work/chunks/treasure_island/chunk_052.txt (1127 words)
[2026-03-26T17:28:27.202795+00:00] Wrote chunk_053 -> work/chunks/treasure_island/chunk_053.txt (1064 words)
[2026-03-26T17:28:27.203654+00:00] Wrote chunk_054 -> work/chunks/treasure_island/chunk_054.txt (1350 words)
[2026-03-26T17:28:27.204210+00:00] Wrote chunk_055 -> work/chunks/treasure_island/chunk_055.txt (1052 words)
[2026-03-26T17:28:27.204961+00:00] Wrote chunk_056 -> work/chunks/treasure_island/chunk_056.txt (1090 words)
[2026-03-26T17:28:27.205613+00:00] Wrote chunk_057 -> work/chunks/treasure_island/chunk_057.txt (1233 words)
[2026-03-26T17:28:27.206370+00:00] Wrote chunk_058 -> work/chunks/treasure_island/chunk_058.txt (1078 words)
[2026-03-26T17:28:27.206885+00:00] Wrote chunk_059 -> work/chunks/treasure_island/chunk_059.txt (939 words)
[2026-03-26T17:28:27.207536+00:00] Wrote chunk_060 -> work/chunks/treasure_island/chunk_060.txt (944 words)
[2026-03-26T17:28:27.208128+00:00] Wrote chunk_061 -> work/chunks/treasure_island/chunk_061.txt (1105 words)
[2026-03-26T17:28:27.208869+00:00] Wrote chunk_062 -> work/chunks/treasure_island/chunk_062.txt (1388 words)
[2026-03-26T17:28:27.209213+00:00] Wrote chunk_063 -> work/chunks/treasure_island/chunk_063.txt (562 words)
[2026-03-26T17:28:27.210257+00:00] Wrote chunk manifest to work/manifests/treasure_island/chunk_manifest.json
[2026-03-26T17:28:27.210301+00:00] Wrote ingest manifest to work/manifests/treasure_island/ingest_manifest.json
[2026-03-26T17:28:27.210330+00:00] Ingest complete
